{
  "stats": {
    "suites": 1,
    "tests": 21,
    "passes": 21,
    "pending": 0,
    "failures": 0,
    "start": "2022-04-08T14:17:35.546Z",
    "end": "2022-04-08T14:19:49.070Z",
    "duration": 133524,
    "testsRegistered": 21,
    "passPercent": 100,
    "pendingPercent": 0,
    "other": 0,
    "hasOther": false,
    "skipped": 0,
    "hasSkipped": false
  },
  "results": [
    {
      "uuid": "40414afd-b245-44bf-971e-eaffe4340905",
      "title": "",
      "fullFile": "cypress/integration/Testcases/MobileTest.spec.js",
      "file": "cypress/integration/Testcases/MobileTest.spec.js",
      "beforeHooks": [],
      "afterHooks": [],
      "tests": [],
      "suites": [
        {
          "uuid": "07760066-8dc3-4658-9c0d-fd7841ddf98f",
          "title": "Running test in different mobile view ports",
          "fullFile": "",
          "file": "",
          "beforeHooks": [],
          "afterHooks": [],
          "tests": [
            {
              "title": "verify in iphone-3",
              "fullTitle": "Running test in different mobile view ports verify in iphone-3",
              "timedOut": null,
              "duration": 6820,
              "state": "passed",
              "speed": "medium",
              "pass": true,
              "fail": false,
              "pending": false,
              "context": null,
              "code": "cy.viewport(\"iphone-3\");\ncy.login(data.email, data.password);\ncy.mobileLandingPageTest();",
              "err": {},
              "uuid": "baa5dda9-378c-4122-9a1a-669edca1caba",
              "parentUUID": "07760066-8dc3-4658-9c0d-fd7841ddf98f",
              "isHook": false,
              "skipped": false
            },
            {
              "title": "verify in iphone-4",
              "fullTitle": "Running test in different mobile view ports verify in iphone-4",
              "timedOut": null,
              "duration": 6898,
              "state": "passed",
              "speed": "medium",
              "pass": true,
              "fail": false,
              "pending": false,
              "context": null,
              "code": "cy.viewport(\"iphone-4\");\ncy.login(data.email, data.password);\ncy.mobileLandingPageTest();",
              "err": {},
              "uuid": "9d3a5d5b-3458-4a4d-b60a-8acabbf37779",
              "parentUUID": "07760066-8dc3-4658-9c0d-fd7841ddf98f",
              "isHook": false,
              "skipped": false
            },
            {
              "title": "verify in iphone-5",
              "fullTitle": "Running test in different mobile view ports verify in iphone-5",
              "timedOut": null,
              "duration": 5608,
              "state": "passed",
              "speed": "medium",
              "pass": true,
              "fail": false,
              "pending": false,
              "context": null,
              "code": "cy.viewport(\"iphone-5\");\ncy.login(data.email, data.password);\ncy.mobileLandingPageTest();",
              "err": {},
              "uuid": "4d820ddd-48c6-425c-8b2e-d564c6fa0ec0",
              "parentUUID": "07760066-8dc3-4658-9c0d-fd7841ddf98f",
              "isHook": false,
              "skipped": false
            },
            {
              "title": "verify in iphone-6",
              "fullTitle": "Running test in different mobile view ports verify in iphone-6",
              "timedOut": null,
              "duration": 5990,
              "state": "passed",
              "speed": "medium",
              "pass": true,
              "fail": false,
              "pending": false,
              "context": null,
              "code": "cy.viewport(\"iphone-6\");\ncy.login(data.email, data.password);\ncy.mobileLandingPageTest();",
              "err": {},
              "uuid": "24203d2e-8575-44b9-bde1-883cc39a4b25",
              "parentUUID": "07760066-8dc3-4658-9c0d-fd7841ddf98f",
              "isHook": false,
              "skipped": false
            },
            {
              "title": "verify in iphone-6+",
              "fullTitle": "Running test in different mobile view ports verify in iphone-6+",
              "timedOut": null,
              "duration": 5608,
              "state": "passed",
              "speed": "medium",
              "pass": true,
              "fail": false,
              "pending": false,
              "context": null,
              "code": "cy.viewport(\"iphone-6+\");\ncy.login(data.email, data.password);\ncy.mobileLandingPageTest();",
              "err": {},
              "uuid": "7b2905ac-cef6-445e-b20b-597cc0be9e89",
              "parentUUID": "07760066-8dc3-4658-9c0d-fd7841ddf98f",
              "isHook": false,
              "skipped": false
            },
            {
              "title": "verify in iphone-7",
              "fullTitle": "Running test in different mobile view ports verify in iphone-7",
              "timedOut": null,
              "duration": 6774,
              "state": "passed",
              "speed": "medium",
              "pass": true,
              "fail": false,
              "pending": false,
              "context": null,
              "code": "cy.viewport(\"iphone-7\");\ncy.login(data.email, data.password);\ncy.mobileLandingPageTest();",
              "err": {},
              "uuid": "1f24ae95-16e7-40e8-ac15-31a5f5503fb5",
              "parentUUID": "07760066-8dc3-4658-9c0d-fd7841ddf98f",
              "isHook": false,
              "skipped": false
            },
            {
              "title": "verify in iphone-8",
              "fullTitle": "Running test in different mobile view ports verify in iphone-8",
              "timedOut": null,
              "duration": 7463,
              "state": "passed",
              "speed": "medium",
              "pass": true,
              "fail": false,
              "pending": false,
              "context": null,
              "code": "cy.viewport(\"iphone-8\");\ncy.login(data.email, data.password);\ncy.mobileLandingPageTest();",
              "err": {},
              "uuid": "f0abf743-7684-40e2-87d4-e5b706c214f8",
              "parentUUID": "07760066-8dc3-4658-9c0d-fd7841ddf98f",
              "isHook": false,
              "skipped": false
            },
            {
              "title": "verify in iphone-x",
              "fullTitle": "Running test in different mobile view ports verify in iphone-x",
              "timedOut": null,
              "duration": 6393,
              "state": "passed",
              "speed": "medium",
              "pass": true,
              "fail": false,
              "pending": false,
              "context": null,
              "code": "cy.viewport(\"iphone-x\");\ncy.login(data.email, data.password);\ncy.mobileLandingPageTest();",
              "err": {},
              "uuid": "44f69256-eb92-4177-a49b-2160f05c9a8f",
              "parentUUID": "07760066-8dc3-4658-9c0d-fd7841ddf98f",
              "isHook": false,
              "skipped": false
            },
            {
              "title": "verify in iphone-xr",
              "fullTitle": "Running test in different mobile view ports verify in iphone-xr",
              "timedOut": null,
              "duration": 6426,
              "state": "passed",
              "speed": "medium",
              "pass": true,
              "fail": false,
              "pending": false,
              "context": null,
              "code": "cy.viewport(\"iphone-xr\");\ncy.login(data.email, data.password);\ncy.mobileLandingPageTest();",
              "err": {},
              "uuid": "3aa42d9f-91a6-4d77-bbe5-4ba97ae2c806",
              "parentUUID": "07760066-8dc3-4658-9c0d-fd7841ddf98f",
              "isHook": false,
              "skipped": false
            },
            {
              "title": "verify in iphone-se2",
              "fullTitle": "Running test in different mobile view ports verify in iphone-se2",
              "timedOut": null,
              "duration": 6316,
              "state": "passed",
              "speed": "medium",
              "pass": true,
              "fail": false,
              "pending": false,
              "context": null,
              "code": "cy.viewport(\"iphone-se2\");\ncy.login(data.email, data.password);\ncy.mobileLandingPageTest();",
              "err": {},
              "uuid": "49db8aae-0ac0-4875-8780-fb026324fc1c",
              "parentUUID": "07760066-8dc3-4658-9c0d-fd7841ddf98f",
              "isHook": false,
              "skipped": false
            },
            {
              "title": "verify in ipad-2",
              "fullTitle": "Running test in different mobile view ports verify in ipad-2",
              "timedOut": null,
              "duration": 6601,
              "state": "passed",
              "speed": "medium",
              "pass": true,
              "fail": false,
              "pending": false,
              "context": null,
              "code": "cy.viewport(\"ipad-2\");\ncy.login(data.email, data.password);\ncy.webLandingPageTest();",
              "err": {},
              "uuid": "6504eabd-0814-413e-ba62-196ff41ed742",
              "parentUUID": "07760066-8dc3-4658-9c0d-fd7841ddf98f",
              "isHook": false,
              "skipped": false
            },
            {
              "title": "open in ipad-mini",
              "fullTitle": "Running test in different mobile view ports open in ipad-mini",
              "timedOut": null,
              "duration": 6026,
              "state": "passed",
              "speed": "medium",
              "pass": true,
              "fail": false,
              "pending": false,
              "context": null,
              "code": "cy.viewport(\"ipad-mini\");\ncy.login(data.email, data.password);\ncy.webLandingPageTest();",
              "err": {},
              "uuid": "25bc5a7e-97f6-49a0-9239-82696a7aa19f",
              "parentUUID": "07760066-8dc3-4658-9c0d-fd7841ddf98f",
              "isHook": false,
              "skipped": false
            },
            {
              "title": "verify in Galaxy S8",
              "fullTitle": "Running test in different mobile view ports verify in Galaxy S8",
              "timedOut": null,
              "duration": 6602,
              "state": "passed",
              "speed": "medium",
              "pass": true,
              "fail": false,
              "pending": false,
              "context": null,
              "code": "cy.viewport(360, 740);\ncy.login(data.email, data.password);\ncy.mobileLandingPageTest();",
              "err": {},
              "uuid": "92c5a020-4750-4934-915b-a38f2f222a31",
              "parentUUID": "07760066-8dc3-4658-9c0d-fd7841ddf98f",
              "isHook": false,
              "skipped": false
            },
            {
              "title": "verify in Galaxy S9",
              "fullTitle": "Running test in different mobile view ports verify in Galaxy S9",
              "timedOut": null,
              "duration": 6150,
              "state": "passed",
              "speed": "medium",
              "pass": true,
              "fail": false,
              "pending": false,
              "context": null,
              "code": "cy.viewport(360, 740);\ncy.login(data.email, data.password);\ncy.mobileLandingPageTest();",
              "err": {},
              "uuid": "1ab0cf3f-7325-4c03-bfb5-05056832a575",
              "parentUUID": "07760066-8dc3-4658-9c0d-fd7841ddf98f",
              "isHook": false,
              "skipped": false
            },
            {
              "title": "verify in Galaxy S9+",
              "fullTitle": "Running test in different mobile view ports verify in Galaxy S9+",
              "timedOut": null,
              "duration": 5842,
              "state": "passed",
              "speed": "medium",
              "pass": true,
              "fail": false,
              "pending": false,
              "context": null,
              "code": "cy.viewport(412, 846);\ncy.login(data.email, data.password);\ncy.mobileLandingPageTest();",
              "err": {},
              "uuid": "40965444-5a95-47e9-8a49-8a054b64953d",
              "parentUUID": "07760066-8dc3-4658-9c0d-fd7841ddf98f",
              "isHook": false,
              "skipped": false
            },
            {
              "title": "verify in Galaxy S10",
              "fullTitle": "Running test in different mobile view ports verify in Galaxy S10",
              "timedOut": null,
              "duration": 6301,
              "state": "passed",
              "speed": "medium",
              "pass": true,
              "fail": false,
              "pending": false,
              "context": null,
              "code": "cy.viewport(\"samsung-s10\");\ncy.login(data.email, data.password);\ncy.mobileLandingPageTest();",
              "err": {},
              "uuid": "1aa4a7e1-28bd-4169-9691-d5d704649450",
              "parentUUID": "07760066-8dc3-4658-9c0d-fd7841ddf98f",
              "isHook": false,
              "skipped": false
            },
            {
              "title": "verify in Galaxy S10+",
              "fullTitle": "Running test in different mobile view ports verify in Galaxy S10+",
              "timedOut": null,
              "duration": 6598,
              "state": "passed",
              "speed": "medium",
              "pass": true,
              "fail": false,
              "pending": false,
              "context": null,
              "code": "cy.viewport(412, 869);\ncy.login(data.email, data.password);\ncy.mobileLandingPageTest();",
              "err": {},
              "uuid": "276fe202-6a88-4fc8-9ef6-2c4efdefcd40",
              "parentUUID": "07760066-8dc3-4658-9c0d-fd7841ddf98f",
              "isHook": false,
              "skipped": false
            },
            {
              "title": "verify in Galaxy A5",
              "fullTitle": "Running test in different mobile view ports verify in Galaxy A5",
              "timedOut": null,
              "duration": 7377,
              "state": "passed",
              "speed": "medium",
              "pass": true,
              "fail": false,
              "pending": false,
              "context": null,
              "code": "cy.viewport(720, 1280);\ncy.login(data.email, data.password);\ncy.mobileLandingPageTest();",
              "err": {},
              "uuid": "ec27852e-133a-41ab-917c-d2f354b80a8e",
              "parentUUID": "07760066-8dc3-4658-9c0d-fd7841ddf98f",
              "isHook": false,
              "skipped": false
            },
            {
              "title": "verify in Galaxy A8",
              "fullTitle": "Running test in different mobile view ports verify in Galaxy A8",
              "timedOut": null,
              "duration": 6057,
              "state": "passed",
              "speed": "medium",
              "pass": true,
              "fail": false,
              "pending": false,
              "context": null,
              "code": "cy.viewport(1080, 1920);\ncy.login(data.email, data.password);\ncy.webLandingPageTest();",
              "err": {},
              "uuid": "3fe3177e-7dde-4f06-8319-4e3987916498",
              "parentUUID": "07760066-8dc3-4658-9c0d-fd7841ddf98f",
              "isHook": false,
              "skipped": false
            },
            {
              "title": "verify in Galaxy S7",
              "fullTitle": "Running test in different mobile view ports verify in Galaxy S7",
              "timedOut": null,
              "duration": 5784,
              "state": "passed",
              "speed": "medium",
              "pass": true,
              "fail": false,
              "pending": false,
              "context": null,
              "code": "cy.viewport(360, 640);\ncy.login(data.email, data.password);\ncy.mobileLandingPageTest();",
              "err": {},
              "uuid": "d4fdeaa9-66db-466b-ba03-c063fb589eda",
              "parentUUID": "07760066-8dc3-4658-9c0d-fd7841ddf98f",
              "isHook": false,
              "skipped": false
            },
            {
              "title": "verify in Galaxy S10+",
              "fullTitle": "Running test in different mobile view ports verify in Galaxy S10+",
              "timedOut": null,
              "duration": 5543,
              "state": "passed",
              "speed": "medium",
              "pass": true,
              "fail": false,
              "pending": false,
              "context": null,
              "code": "cy.viewport(412, 869);\ncy.login(data.email, data.password);\ncy.mobileLandingPageTest();",
              "err": {},
              "uuid": "93de1b61-3ba1-40e0-84b6-f5d8ac8d28b8",
              "parentUUID": "07760066-8dc3-4658-9c0d-fd7841ddf98f",
              "isHook": false,
              "skipped": false
            }
          ],
          "suites": [],
          "passes": [
            "baa5dda9-378c-4122-9a1a-669edca1caba",
            "9d3a5d5b-3458-4a4d-b60a-8acabbf37779",
            "4d820ddd-48c6-425c-8b2e-d564c6fa0ec0",
            "24203d2e-8575-44b9-bde1-883cc39a4b25",
            "7b2905ac-cef6-445e-b20b-597cc0be9e89",
            "1f24ae95-16e7-40e8-ac15-31a5f5503fb5",
            "f0abf743-7684-40e2-87d4-e5b706c214f8",
            "44f69256-eb92-4177-a49b-2160f05c9a8f",
            "3aa42d9f-91a6-4d77-bbe5-4ba97ae2c806",
            "49db8aae-0ac0-4875-8780-fb026324fc1c",
            "6504eabd-0814-413e-ba62-196ff41ed742",
            "25bc5a7e-97f6-49a0-9239-82696a7aa19f",
            "92c5a020-4750-4934-915b-a38f2f222a31",
            "1ab0cf3f-7325-4c03-bfb5-05056832a575",
            "40965444-5a95-47e9-8a49-8a054b64953d",
            "1aa4a7e1-28bd-4169-9691-d5d704649450",
            "276fe202-6a88-4fc8-9ef6-2c4efdefcd40",
            "ec27852e-133a-41ab-917c-d2f354b80a8e",
            "3fe3177e-7dde-4f06-8319-4e3987916498",
            "d4fdeaa9-66db-466b-ba03-c063fb589eda",
            "93de1b61-3ba1-40e0-84b6-f5d8ac8d28b8"
          ],
          "failures": [],
          "pending": [],
          "skipped": [],
          "duration": 133177,
          "root": false,
          "rootEmpty": false,
          "_timeout": 2000
        }
      ],
      "passes": [],
      "failures": [],
      "pending": [],
      "skipped": [],
      "duration": 0,
      "root": true,
      "rootEmpty": true,
      "_timeout": 2000
    }
  ],
  "meta": {
    "mocha": {
      "version": "7.0.1"
    },
    "mochawesome": {
      "options": {
        "quiet": false,
        "reportFilename": "mochawesome",
        "saveHtml": false,
        "saveJson": true,
        "consoleReporter": "spec",
        "useInlineDiffs": false,
        "code": true
      },
      "version": "6.3.1"
    },
    "marge": {
      "options": {
        "id": "default",
        "reportDir": "cypress/reports/mocha",
        "quite": true,
        "overwrite": true,
        "html": false,
        "json": true
      },
      "version": "5.2.0"
    }
  }
}