{
  "stats": {
    "suites": 1,
    "tests": 2,
    "passes": 1,
    "pending": 3,
    "failures": -2,
    "start": "2022-04-10T12:18:47.879Z",
    "end": "2022-04-10T12:18:56.231Z",
    "duration": 8352,
    "testsRegistered": 4,
    "passPercent": 100,
    "pendingPercent": 75,
    "other": 2,
    "hasOther": true,
    "skipped": 0,
    "hasSkipped": false
  },
  "results": [
    {
      "uuid": "6184e3f2-f99d-4874-9d86-dacbcaa11a33",
      "title": "",
      "fullFile": "cypress/integration/Testcases/BrowserTest.spec.js",
      "file": "cypress/integration/Testcases/BrowserTest.spec.js",
      "beforeHooks": [],
      "afterHooks": [],
      "tests": [],
      "suites": [
        {
          "uuid": "5e64458d-0174-479b-ba95-84b83b1eefc5",
          "title": "Running test in web Browser",
          "fullFile": "",
          "file": "",
          "beforeHooks": [],
          "afterHooks": [],
          "tests": [
            {
              "title": "Test to verify web view in Electron browser",
              "fullTitle": "Running test in web Browser Test to verify web view in Electron browser",
              "timedOut": null,
              "duration": 8271,
              "state": "passed",
              "speed": "medium",
              "pass": true,
              "fail": false,
              "pending": false,
              "context": null,
              "code": "cy.login(data.email, data.password);\ncy.webLandingPageTest();",
              "err": {},
              "uuid": "2444f7f9-b2dc-4c1f-a212-aa3def3cf89b",
              "parentUUID": "5e64458d-0174-479b-ba95-84b83b1eefc5",
              "isHook": false,
              "skipped": false
            },
            {
              "title": "Test to verify web view in firefox browser (skipped due to browser)",
              "fullTitle": "Running test in web Browser Test to verify web view in firefox browser (skipped due to browser)",
              "timedOut": null,
              "duration": 0,
              "state": "pending",
              "speed": null,
              "pass": false,
              "fail": false,
              "pending": true,
              "context": null,
              "code": "",
              "err": {},
              "uuid": "9ccd3581-79c6-4cd5-831f-010a68f301ac",
              "parentUUID": "5e64458d-0174-479b-ba95-84b83b1eefc5",
              "isHook": false,
              "skipped": false
            },
            {
              "title": "Test to verify web view in chrome browser (skipped due to browser)",
              "fullTitle": "Running test in web Browser Test to verify web view in chrome browser (skipped due to browser)",
              "timedOut": null,
              "duration": 0,
              "state": "pending",
              "speed": null,
              "pass": false,
              "fail": false,
              "pending": true,
              "context": null,
              "code": "",
              "err": {},
              "uuid": "98217dd3-924c-473c-8ce1-279b3400a84f",
              "parentUUID": "5e64458d-0174-479b-ba95-84b83b1eefc5",
              "isHook": false,
              "skipped": false
            },
            {
              "title": "Test to verify web view in edge browser (skipped due to browser)",
              "fullTitle": "Running test in web Browser Test to verify web view in edge browser (skipped due to browser)",
              "timedOut": null,
              "duration": 0,
              "state": "pending",
              "speed": null,
              "pass": false,
              "fail": false,
              "pending": true,
              "context": null,
              "code": "",
              "err": {},
              "uuid": "132530f2-7ff7-4442-b697-7649eada2f06",
              "parentUUID": "5e64458d-0174-479b-ba95-84b83b1eefc5",
              "isHook": false,
              "skipped": false
            }
          ],
          "suites": [],
          "passes": [
            "2444f7f9-b2dc-4c1f-a212-aa3def3cf89b"
          ],
          "failures": [],
          "pending": [
            "9ccd3581-79c6-4cd5-831f-010a68f301ac",
            "98217dd3-924c-473c-8ce1-279b3400a84f",
            "132530f2-7ff7-4442-b697-7649eada2f06"
          ],
          "skipped": [],
          "duration": 8271,
          "root": false,
          "rootEmpty": false,
          "_timeout": 2000
        }
      ],
      "passes": [],
      "failures": [],
      "pending": [],
      "skipped": [],
      "duration": 0,
      "root": true,
      "rootEmpty": true,
      "_timeout": 2000
    }
  ],
  "meta": {
    "mocha": {
      "version": "7.0.1"
    },
    "mochawesome": {
      "options": {
        "quiet": false,
        "reportFilename": "mochawesome",
        "saveHtml": true,
        "saveJson": true,
        "consoleReporter": "spec",
        "useInlineDiffs": false,
        "code": true
      },
      "version": "6.3.1"
    },
    "marge": {
      "options": {
        "id": "default",
        "reportDir": "cypress/reports/mocha",
        "quite": true,
        "overwrite": false,
        "html": true,
        "json": true
      },
      "version": "5.2.0"
    }
  }
}