{
  "stats": {
    "suites": 1,
    "tests": 2,
    "passes": 1,
    "pending": 3,
    "failures": -2,
    "start": "2022-04-10T12:17:31.162Z",
    "end": "2022-04-10T12:17:37.395Z",
    "duration": 6233,
    "testsRegistered": 4,
    "passPercent": 100,
    "pendingPercent": 75,
    "other": 2,
    "hasOther": true,
    "skipped": 0,
    "hasSkipped": false
  },
  "results": [
    {
      "uuid": "3f134f0f-2d2a-4b97-8f04-cfac31bd6414",
      "title": "",
      "fullFile": "cypress/integration/Testcases/BrowserTest.spec.js",
      "file": "cypress/integration/Testcases/BrowserTest.spec.js",
      "beforeHooks": [],
      "afterHooks": [],
      "tests": [],
      "suites": [
        {
          "uuid": "83c3ea15-776e-49f4-be5e-0a113ce82681",
          "title": "Running test in web Browser",
          "fullFile": "",
          "file": "",
          "beforeHooks": [],
          "afterHooks": [],
          "tests": [
            {
              "title": "Test to verify web view in Electron browser (skipped due to browser)",
              "fullTitle": "Running test in web Browser Test to verify web view in Electron browser (skipped due to browser)",
              "timedOut": null,
              "duration": 0,
              "state": "pending",
              "speed": null,
              "pass": false,
              "fail": false,
              "pending": true,
              "context": null,
              "code": "",
              "err": {},
              "uuid": "28764835-9dac-4366-bc65-1f0fc2719f1b",
              "parentUUID": "83c3ea15-776e-49f4-be5e-0a113ce82681",
              "isHook": false,
              "skipped": false
            },
            {
              "title": "Test to verify web view in firefox browser (skipped due to browser)",
              "fullTitle": "Running test in web Browser Test to verify web view in firefox browser (skipped due to browser)",
              "timedOut": null,
              "duration": 0,
              "state": "pending",
              "speed": null,
              "pass": false,
              "fail": false,
              "pending": true,
              "context": null,
              "code": "",
              "err": {},
              "uuid": "fc98596b-95a9-4eaf-901e-ea04dbbfc6d9",
              "parentUUID": "83c3ea15-776e-49f4-be5e-0a113ce82681",
              "isHook": false,
              "skipped": false
            },
            {
              "title": "Test to verify web view in chrome browser",
              "fullTitle": "Running test in web Browser Test to verify web view in chrome browser",
              "timedOut": null,
              "duration": 6155,
              "state": "passed",
              "speed": "medium",
              "pass": true,
              "fail": false,
              "pending": false,
              "context": null,
              "code": "cy.login(data.email, data.password);\ncy.webLandingPageTest();",
              "err": {},
              "uuid": "6b43514a-dc8f-4f84-aa1a-599f7bed3255",
              "parentUUID": "83c3ea15-776e-49f4-be5e-0a113ce82681",
              "isHook": false,
              "skipped": false
            },
            {
              "title": "Test to verify web view in edge browser (skipped due to browser)",
              "fullTitle": "Running test in web Browser Test to verify web view in edge browser (skipped due to browser)",
              "timedOut": null,
              "duration": 0,
              "state": "pending",
              "speed": null,
              "pass": false,
              "fail": false,
              "pending": true,
              "context": null,
              "code": "",
              "err": {},
              "uuid": "525503ea-bbcf-4f07-8bcf-d96c9d72c000",
              "parentUUID": "83c3ea15-776e-49f4-be5e-0a113ce82681",
              "isHook": false,
              "skipped": false
            }
          ],
          "suites": [],
          "passes": [
            "6b43514a-dc8f-4f84-aa1a-599f7bed3255"
          ],
          "failures": [],
          "pending": [
            "28764835-9dac-4366-bc65-1f0fc2719f1b",
            "fc98596b-95a9-4eaf-901e-ea04dbbfc6d9",
            "525503ea-bbcf-4f07-8bcf-d96c9d72c000"
          ],
          "skipped": [],
          "duration": 6155,
          "root": false,
          "rootEmpty": false,
          "_timeout": 2000
        }
      ],
      "passes": [],
      "failures": [],
      "pending": [],
      "skipped": [],
      "duration": 0,
      "root": true,
      "rootEmpty": true,
      "_timeout": 2000
    }
  ],
  "meta": {
    "mocha": {
      "version": "7.0.1"
    },
    "mochawesome": {
      "options": {
        "quiet": false,
        "reportFilename": "mochawesome",
        "saveHtml": true,
        "saveJson": true,
        "consoleReporter": "spec",
        "useInlineDiffs": false,
        "code": true
      },
      "version": "6.3.1"
    },
    "marge": {
      "options": {
        "id": "default",
        "reportDir": "cypress/reports/mocha",
        "quite": true,
        "overwrite": false,
        "html": true,
        "json": true
      },
      "version": "5.2.0"
    }
  }
}