{
  "stats": {
    "suites": 1,
    "tests": 21,
    "passes": 21,
    "pending": 0,
    "failures": 0,
    "start": "2022-04-10T12:14:58.611Z",
    "end": "2022-04-10T12:16:57.844Z",
    "duration": 119233,
    "testsRegistered": 21,
    "passPercent": 100,
    "pendingPercent": 0,
    "other": 0,
    "hasOther": false,
    "skipped": 0,
    "hasSkipped": false
  },
  "results": [
    {
      "uuid": "9aa5a0e5-32c9-4976-9f5d-b69b430e6631",
      "title": "",
      "fullFile": "cypress/integration/Testcases/MobileTest.spec.js",
      "file": "cypress/integration/Testcases/MobileTest.spec.js",
      "beforeHooks": [],
      "afterHooks": [],
      "tests": [],
      "suites": [
        {
          "uuid": "d8398386-0ef7-4b92-a8f5-9b6f816eceb2",
          "title": "Running test in different mobile view ports",
          "fullFile": "",
          "file": "",
          "beforeHooks": [],
          "afterHooks": [],
          "tests": [
            {
              "title": "verify in iphone-3",
              "fullTitle": "Running test in different mobile view ports verify in iphone-3",
              "timedOut": null,
              "duration": 7941,
              "state": "passed",
              "speed": "medium",
              "pass": true,
              "fail": false,
              "pending": false,
              "context": null,
              "code": "cy.viewport(\"iphone-3\");\ncy.login(data.email, data.password);\ncy.mobileLandingPageTest();",
              "err": {},
              "uuid": "fe265d25-8471-481e-abc6-26f22a05e95e",
              "parentUUID": "d8398386-0ef7-4b92-a8f5-9b6f816eceb2",
              "isHook": false,
              "skipped": false
            },
            {
              "title": "verify in iphone-4",
              "fullTitle": "Running test in different mobile view ports verify in iphone-4",
              "timedOut": null,
              "duration": 6693,
              "state": "passed",
              "speed": "medium",
              "pass": true,
              "fail": false,
              "pending": false,
              "context": null,
              "code": "cy.viewport(\"iphone-4\");\ncy.login(data.email, data.password);\ncy.mobileLandingPageTest();",
              "err": {},
              "uuid": "d0904e66-d6c9-423b-90e7-3bd9d814e98c",
              "parentUUID": "d8398386-0ef7-4b92-a8f5-9b6f816eceb2",
              "isHook": false,
              "skipped": false
            },
            {
              "title": "verify in iphone-5",
              "fullTitle": "Running test in different mobile view ports verify in iphone-5",
              "timedOut": null,
              "duration": 5519,
              "state": "passed",
              "speed": "medium",
              "pass": true,
              "fail": false,
              "pending": false,
              "context": null,
              "code": "cy.viewport(\"iphone-5\");\ncy.login(data.email, data.password);\ncy.mobileLandingPageTest();",
              "err": {},
              "uuid": "7bbc248c-2996-4b10-935e-d738d12e7e36",
              "parentUUID": "d8398386-0ef7-4b92-a8f5-9b6f816eceb2",
              "isHook": false,
              "skipped": false
            },
            {
              "title": "verify in iphone-6",
              "fullTitle": "Running test in different mobile view ports verify in iphone-6",
              "timedOut": null,
              "duration": 5659,
              "state": "passed",
              "speed": "medium",
              "pass": true,
              "fail": false,
              "pending": false,
              "context": null,
              "code": "cy.viewport(\"iphone-6\");\ncy.login(data.email, data.password);\ncy.mobileLandingPageTest();",
              "err": {},
              "uuid": "274e6546-fee3-438d-a95e-51f1bfc6bab0",
              "parentUUID": "d8398386-0ef7-4b92-a8f5-9b6f816eceb2",
              "isHook": false,
              "skipped": false
            },
            {
              "title": "verify in iphone-6+",
              "fullTitle": "Running test in different mobile view ports verify in iphone-6+",
              "timedOut": null,
              "duration": 5264,
              "state": "passed",
              "speed": "medium",
              "pass": true,
              "fail": false,
              "pending": false,
              "context": null,
              "code": "cy.viewport(\"iphone-6+\");\ncy.login(data.email, data.password);\ncy.mobileLandingPageTest();",
              "err": {},
              "uuid": "a2b62f7b-063c-470a-a37a-5405361e4729",
              "parentUUID": "d8398386-0ef7-4b92-a8f5-9b6f816eceb2",
              "isHook": false,
              "skipped": false
            },
            {
              "title": "verify in iphone-7",
              "fullTitle": "Running test in different mobile view ports verify in iphone-7",
              "timedOut": null,
              "duration": 5673,
              "state": "passed",
              "speed": "medium",
              "pass": true,
              "fail": false,
              "pending": false,
              "context": null,
              "code": "cy.viewport(\"iphone-7\");\ncy.login(data.email, data.password);\ncy.mobileLandingPageTest();",
              "err": {},
              "uuid": "3cfefa41-9d7e-42b4-bf59-7a85c2106c65",
              "parentUUID": "d8398386-0ef7-4b92-a8f5-9b6f816eceb2",
              "isHook": false,
              "skipped": false
            },
            {
              "title": "verify in iphone-8",
              "fullTitle": "Running test in different mobile view ports verify in iphone-8",
              "timedOut": null,
              "duration": 5304,
              "state": "passed",
              "speed": "medium",
              "pass": true,
              "fail": false,
              "pending": false,
              "context": null,
              "code": "cy.viewport(\"iphone-8\");\ncy.login(data.email, data.password);\ncy.mobileLandingPageTest();",
              "err": {},
              "uuid": "133210d1-b71b-4052-8622-cfb25893f996",
              "parentUUID": "d8398386-0ef7-4b92-a8f5-9b6f816eceb2",
              "isHook": false,
              "skipped": false
            },
            {
              "title": "verify in iphone-x",
              "fullTitle": "Running test in different mobile view ports verify in iphone-x",
              "timedOut": null,
              "duration": 5533,
              "state": "passed",
              "speed": "medium",
              "pass": true,
              "fail": false,
              "pending": false,
              "context": null,
              "code": "cy.viewport(\"iphone-x\");\ncy.login(data.email, data.password);\ncy.mobileLandingPageTest();",
              "err": {},
              "uuid": "e5b09031-4626-4a5f-836a-d292b12c24e0",
              "parentUUID": "d8398386-0ef7-4b92-a8f5-9b6f816eceb2",
              "isHook": false,
              "skipped": false
            },
            {
              "title": "verify in iphone-xr",
              "fullTitle": "Running test in different mobile view ports verify in iphone-xr",
              "timedOut": null,
              "duration": 5230,
              "state": "passed",
              "speed": "medium",
              "pass": true,
              "fail": false,
              "pending": false,
              "context": null,
              "code": "cy.viewport(\"iphone-xr\");\ncy.login(data.email, data.password);\ncy.mobileLandingPageTest();",
              "err": {},
              "uuid": "c1c10061-a660-473b-9a86-7574ccee7d66",
              "parentUUID": "d8398386-0ef7-4b92-a8f5-9b6f816eceb2",
              "isHook": false,
              "skipped": false
            },
            {
              "title": "verify in iphone-se2",
              "fullTitle": "Running test in different mobile view ports verify in iphone-se2",
              "timedOut": null,
              "duration": 5650,
              "state": "passed",
              "speed": "medium",
              "pass": true,
              "fail": false,
              "pending": false,
              "context": null,
              "code": "cy.viewport(\"iphone-se2\");\ncy.login(data.email, data.password);\ncy.mobileLandingPageTest();",
              "err": {},
              "uuid": "c979bc62-01c6-4aec-a91e-6f041126fc74",
              "parentUUID": "d8398386-0ef7-4b92-a8f5-9b6f816eceb2",
              "isHook": false,
              "skipped": false
            },
            {
              "title": "verify in ipad-2",
              "fullTitle": "Running test in different mobile view ports verify in ipad-2",
              "timedOut": null,
              "duration": 5499,
              "state": "passed",
              "speed": "medium",
              "pass": true,
              "fail": false,
              "pending": false,
              "context": null,
              "code": "cy.viewport(\"ipad-2\");\ncy.login(data.email, data.password);\ncy.webLandingPageTest();",
              "err": {},
              "uuid": "555c8148-823d-4db6-b389-ac5b3ebc9e7d",
              "parentUUID": "d8398386-0ef7-4b92-a8f5-9b6f816eceb2",
              "isHook": false,
              "skipped": false
            },
            {
              "title": "open in ipad-mini",
              "fullTitle": "Running test in different mobile view ports open in ipad-mini",
              "timedOut": null,
              "duration": 5442,
              "state": "passed",
              "speed": "medium",
              "pass": true,
              "fail": false,
              "pending": false,
              "context": null,
              "code": "cy.viewport(\"ipad-mini\");\ncy.login(data.email, data.password);\ncy.webLandingPageTest();",
              "err": {},
              "uuid": "789f0e39-71a4-4881-8562-2a736e91db86",
              "parentUUID": "d8398386-0ef7-4b92-a8f5-9b6f816eceb2",
              "isHook": false,
              "skipped": false
            },
            {
              "title": "verify in Galaxy S8",
              "fullTitle": "Running test in different mobile view ports verify in Galaxy S8",
              "timedOut": null,
              "duration": 5521,
              "state": "passed",
              "speed": "medium",
              "pass": true,
              "fail": false,
              "pending": false,
              "context": null,
              "code": "cy.viewport(360, 740);\ncy.login(data.email, data.password);\ncy.mobileLandingPageTest();",
              "err": {},
              "uuid": "3189c89e-4ada-4048-a3cd-c2f3e0d3dff6",
              "parentUUID": "d8398386-0ef7-4b92-a8f5-9b6f816eceb2",
              "isHook": false,
              "skipped": false
            },
            {
              "title": "verify in Galaxy S9",
              "fullTitle": "Running test in different mobile view ports verify in Galaxy S9",
              "timedOut": null,
              "duration": 5153,
              "state": "passed",
              "speed": "medium",
              "pass": true,
              "fail": false,
              "pending": false,
              "context": null,
              "code": "cy.viewport(360, 740);\ncy.login(data.email, data.password);\ncy.mobileLandingPageTest();",
              "err": {},
              "uuid": "7f7522ba-2bd4-4781-b73c-b12ef72d3961",
              "parentUUID": "d8398386-0ef7-4b92-a8f5-9b6f816eceb2",
              "isHook": false,
              "skipped": false
            },
            {
              "title": "verify in Galaxy S9+",
              "fullTitle": "Running test in different mobile view ports verify in Galaxy S9+",
              "timedOut": null,
              "duration": 5774,
              "state": "passed",
              "speed": "medium",
              "pass": true,
              "fail": false,
              "pending": false,
              "context": null,
              "code": "cy.viewport(412, 846);\ncy.login(data.email, data.password);\ncy.mobileLandingPageTest();",
              "err": {},
              "uuid": "d7a02b1b-1416-4f21-99c4-e36befc8afbd",
              "parentUUID": "d8398386-0ef7-4b92-a8f5-9b6f816eceb2",
              "isHook": false,
              "skipped": false
            },
            {
              "title": "verify in Galaxy S10",
              "fullTitle": "Running test in different mobile view ports verify in Galaxy S10",
              "timedOut": null,
              "duration": 5586,
              "state": "passed",
              "speed": "medium",
              "pass": true,
              "fail": false,
              "pending": false,
              "context": null,
              "code": "cy.viewport(\"samsung-s10\");\ncy.login(data.email, data.password);\ncy.mobileLandingPageTest();",
              "err": {},
              "uuid": "65200d0b-94cf-4fdb-8cad-5df91e476b22",
              "parentUUID": "d8398386-0ef7-4b92-a8f5-9b6f816eceb2",
              "isHook": false,
              "skipped": false
            },
            {
              "title": "verify in Galaxy S10+",
              "fullTitle": "Running test in different mobile view ports verify in Galaxy S10+",
              "timedOut": null,
              "duration": 5466,
              "state": "passed",
              "speed": "medium",
              "pass": true,
              "fail": false,
              "pending": false,
              "context": null,
              "code": "cy.viewport(412, 869);\ncy.login(data.email, data.password);\ncy.mobileLandingPageTest();",
              "err": {},
              "uuid": "cadbd067-2581-42e7-9877-d8f46fd01c0d",
              "parentUUID": "d8398386-0ef7-4b92-a8f5-9b6f816eceb2",
              "isHook": false,
              "skipped": false
            },
            {
              "title": "verify in Galaxy A5",
              "fullTitle": "Running test in different mobile view ports verify in Galaxy A5",
              "timedOut": null,
              "duration": 5312,
              "state": "passed",
              "speed": "medium",
              "pass": true,
              "fail": false,
              "pending": false,
              "context": null,
              "code": "cy.viewport(720, 1280);\ncy.login(data.email, data.password);\ncy.mobileLandingPageTest();",
              "err": {},
              "uuid": "9bb93c24-bd7b-42e3-8d1a-8896e728cecb",
              "parentUUID": "d8398386-0ef7-4b92-a8f5-9b6f816eceb2",
              "isHook": false,
              "skipped": false
            },
            {
              "title": "verify in Galaxy A8",
              "fullTitle": "Running test in different mobile view ports verify in Galaxy A8",
              "timedOut": null,
              "duration": 6156,
              "state": "passed",
              "speed": "medium",
              "pass": true,
              "fail": false,
              "pending": false,
              "context": null,
              "code": "cy.viewport(1080, 1920);\ncy.login(data.email, data.password);\ncy.webLandingPageTest();",
              "err": {},
              "uuid": "32c758b2-400c-475a-a7c1-c57e621c7d8a",
              "parentUUID": "d8398386-0ef7-4b92-a8f5-9b6f816eceb2",
              "isHook": false,
              "skipped": false
            },
            {
              "title": "verify in Galaxy S7",
              "fullTitle": "Running test in different mobile view ports verify in Galaxy S7",
              "timedOut": null,
              "duration": 5400,
              "state": "passed",
              "speed": "medium",
              "pass": true,
              "fail": false,
              "pending": false,
              "context": null,
              "code": "cy.viewport(360, 640);\ncy.login(data.email, data.password);\ncy.mobileLandingPageTest();",
              "err": {},
              "uuid": "8de3a78d-fa45-44e0-9b7e-b7a6b9080dac",
              "parentUUID": "d8398386-0ef7-4b92-a8f5-9b6f816eceb2",
              "isHook": false,
              "skipped": false
            },
            {
              "title": "verify in Galaxy S10+",
              "fullTitle": "Running test in different mobile view ports verify in Galaxy S10+",
              "timedOut": null,
              "duration": 5072,
              "state": "passed",
              "speed": "medium",
              "pass": true,
              "fail": false,
              "pending": false,
              "context": null,
              "code": "cy.viewport(412, 869);\ncy.login(data.email, data.password);\ncy.mobileLandingPageTest();",
              "err": {},
              "uuid": "eafbe555-cb57-4cb8-a0db-9152ae93cf6b",
              "parentUUID": "d8398386-0ef7-4b92-a8f5-9b6f816eceb2",
              "isHook": false,
              "skipped": false
            }
          ],
          "suites": [],
          "passes": [
            "fe265d25-8471-481e-abc6-26f22a05e95e",
            "d0904e66-d6c9-423b-90e7-3bd9d814e98c",
            "7bbc248c-2996-4b10-935e-d738d12e7e36",
            "274e6546-fee3-438d-a95e-51f1bfc6bab0",
            "a2b62f7b-063c-470a-a37a-5405361e4729",
            "3cfefa41-9d7e-42b4-bf59-7a85c2106c65",
            "133210d1-b71b-4052-8622-cfb25893f996",
            "e5b09031-4626-4a5f-836a-d292b12c24e0",
            "c1c10061-a660-473b-9a86-7574ccee7d66",
            "c979bc62-01c6-4aec-a91e-6f041126fc74",
            "555c8148-823d-4db6-b389-ac5b3ebc9e7d",
            "789f0e39-71a4-4881-8562-2a736e91db86",
            "3189c89e-4ada-4048-a3cd-c2f3e0d3dff6",
            "7f7522ba-2bd4-4781-b73c-b12ef72d3961",
            "d7a02b1b-1416-4f21-99c4-e36befc8afbd",
            "65200d0b-94cf-4fdb-8cad-5df91e476b22",
            "cadbd067-2581-42e7-9877-d8f46fd01c0d",
            "9bb93c24-bd7b-42e3-8d1a-8896e728cecb",
            "32c758b2-400c-475a-a7c1-c57e621c7d8a",
            "8de3a78d-fa45-44e0-9b7e-b7a6b9080dac",
            "eafbe555-cb57-4cb8-a0db-9152ae93cf6b"
          ],
          "failures": [],
          "pending": [],
          "skipped": [],
          "duration": 118847,
          "root": false,
          "rootEmpty": false,
          "_timeout": 2000
        }
      ],
      "passes": [],
      "failures": [],
      "pending": [],
      "skipped": [],
      "duration": 0,
      "root": true,
      "rootEmpty": true,
      "_timeout": 2000
    }
  ],
  "meta": {
    "mocha": {
      "version": "7.0.1"
    },
    "mochawesome": {
      "options": {
        "quiet": false,
        "reportFilename": "mochawesome",
        "saveHtml": true,
        "saveJson": true,
        "consoleReporter": "spec",
        "useInlineDiffs": false,
        "code": true
      },
      "version": "6.3.1"
    },
    "marge": {
      "options": {
        "id": "default",
        "reportDir": "cypress/reports/mocha",
        "quite": true,
        "overwrite": false,
        "html": true,
        "json": true
      },
      "version": "5.2.0"
    }
  }
}