{
  "stats": {
    "suites": 1,
    "tests": 1,
    "passes": 1,
    "pending": 3,
    "failures": -3,
    "start": "2022-04-10T12:18:23.986Z",
    "end": "2022-04-10T12:18:29.959Z",
    "duration": 5973,
    "testsRegistered": 4,
    "passPercent": 100,
    "pendingPercent": 75,
    "other": 3,
    "hasOther": true,
    "skipped": 0,
    "hasSkipped": false
  },
  "results": [
    {
      "uuid": "4b9aab0d-2604-48c2-91a4-99aa37a48e80",
      "title": "",
      "fullFile": "cypress/integration/Testcases/BrowserTest.spec.js",
      "file": "cypress/integration/Testcases/BrowserTest.spec.js",
      "beforeHooks": [],
      "afterHooks": [],
      "tests": [],
      "suites": [
        {
          "uuid": "0dd51eb4-a55a-42b2-9219-ca3d5d25932c",
          "title": "Running test in web Browser",
          "fullFile": "",
          "file": "",
          "beforeHooks": [],
          "afterHooks": [],
          "tests": [
            {
              "title": "Test to verify web view in Electron browser (skipped due to browser)",
              "fullTitle": "Running test in web Browser Test to verify web view in Electron browser (skipped due to browser)",
              "timedOut": null,
              "duration": 0,
              "state": "pending",
              "speed": null,
              "pass": false,
              "fail": false,
              "pending": true,
              "context": null,
              "code": "",
              "err": {},
              "uuid": "baff2c6d-e499-496c-a8c3-4b8596bba111",
              "parentUUID": "0dd51eb4-a55a-42b2-9219-ca3d5d25932c",
              "isHook": false,
              "skipped": false
            },
            {
              "title": "Test to verify web view in firefox browser (skipped due to browser)",
              "fullTitle": "Running test in web Browser Test to verify web view in firefox browser (skipped due to browser)",
              "timedOut": null,
              "duration": 0,
              "state": "pending",
              "speed": null,
              "pass": false,
              "fail": false,
              "pending": true,
              "context": null,
              "code": "",
              "err": {},
              "uuid": "8174bdd6-b14a-4e90-97db-299999bfdb7a",
              "parentUUID": "0dd51eb4-a55a-42b2-9219-ca3d5d25932c",
              "isHook": false,
              "skipped": false
            },
            {
              "title": "Test to verify web view in chrome browser (skipped due to browser)",
              "fullTitle": "Running test in web Browser Test to verify web view in chrome browser (skipped due to browser)",
              "timedOut": null,
              "duration": 0,
              "state": "pending",
              "speed": null,
              "pass": false,
              "fail": false,
              "pending": true,
              "context": null,
              "code": "",
              "err": {},
              "uuid": "a74e9b59-326e-4220-ae82-dfbd9a21c111",
              "parentUUID": "0dd51eb4-a55a-42b2-9219-ca3d5d25932c",
              "isHook": false,
              "skipped": false
            },
            {
              "title": "Test to verify web view in edge browser",
              "fullTitle": "Running test in web Browser Test to verify web view in edge browser",
              "timedOut": null,
              "duration": 5909,
              "state": "passed",
              "speed": "medium",
              "pass": true,
              "fail": false,
              "pending": false,
              "context": null,
              "code": "cy.login(data.email, data.password);\ncy.webLandingPageTest();",
              "err": {},
              "uuid": "6a0fbf7f-32d6-49bb-a193-8f360347c8b5",
              "parentUUID": "0dd51eb4-a55a-42b2-9219-ca3d5d25932c",
              "isHook": false,
              "skipped": false
            }
          ],
          "suites": [],
          "passes": [
            "6a0fbf7f-32d6-49bb-a193-8f360347c8b5"
          ],
          "failures": [],
          "pending": [
            "baff2c6d-e499-496c-a8c3-4b8596bba111",
            "8174bdd6-b14a-4e90-97db-299999bfdb7a",
            "a74e9b59-326e-4220-ae82-dfbd9a21c111"
          ],
          "skipped": [],
          "duration": 5909,
          "root": false,
          "rootEmpty": false,
          "_timeout": 2000
        }
      ],
      "passes": [],
      "failures": [],
      "pending": [],
      "skipped": [],
      "duration": 0,
      "root": true,
      "rootEmpty": true,
      "_timeout": 2000
    }
  ],
  "meta": {
    "mocha": {
      "version": "7.0.1"
    },
    "mochawesome": {
      "options": {
        "quiet": false,
        "reportFilename": "mochawesome",
        "saveHtml": true,
        "saveJson": true,
        "consoleReporter": "spec",
        "useInlineDiffs": false,
        "code": true
      },
      "version": "6.3.1"
    },
    "marge": {
      "options": {
        "id": "default",
        "reportDir": "cypress/reports/mocha",
        "quite": true,
        "overwrite": false,
        "html": true,
        "json": true
      },
      "version": "5.2.0"
    }
  }
}