{
  "stats": {
    "suites": 1,
    "tests": 2,
    "passes": 1,
    "pending": 3,
    "failures": -2,
    "start": "2022-04-10T12:17:57.806Z",
    "end": "2022-04-10T12:18:03.977Z",
    "duration": 6171,
    "testsRegistered": 4,
    "passPercent": 100,
    "pendingPercent": 75,
    "other": 2,
    "hasOther": true,
    "skipped": 0,
    "hasSkipped": false
  },
  "results": [
    {
      "uuid": "d885faef-d6ac-46ef-8989-86776a62c016",
      "title": "",
      "fullFile": "cypress/integration/Testcases/BrowserTest.spec.js",
      "file": "cypress/integration/Testcases/BrowserTest.spec.js",
      "beforeHooks": [],
      "afterHooks": [],
      "tests": [],
      "suites": [
        {
          "uuid": "cb9bae07-f6c9-452b-8fe7-a257cc0bdb47",
          "title": "Running test in web Browser",
          "fullFile": "",
          "file": "",
          "beforeHooks": [],
          "afterHooks": [],
          "tests": [
            {
              "title": "Test to verify web view in Electron browser (skipped due to browser)",
              "fullTitle": "Running test in web Browser Test to verify web view in Electron browser (skipped due to browser)",
              "timedOut": null,
              "duration": 0,
              "state": "pending",
              "speed": null,
              "pass": false,
              "fail": false,
              "pending": true,
              "context": null,
              "code": "",
              "err": {},
              "uuid": "d9c0714c-18ce-4c50-a79c-1df85854126c",
              "parentUUID": "cb9bae07-f6c9-452b-8fe7-a257cc0bdb47",
              "isHook": false,
              "skipped": false
            },
            {
              "title": "Test to verify web view in firefox browser",
              "fullTitle": "Running test in web Browser Test to verify web view in firefox browser",
              "timedOut": null,
              "duration": 6127,
              "state": "passed",
              "speed": "medium",
              "pass": true,
              "fail": false,
              "pending": false,
              "context": null,
              "code": "cy.login(data.email, data.password);\ncy.webLandingPageTest();",
              "err": {},
              "uuid": "fc0e962d-2a3a-4376-a60e-6e4f13c28cba",
              "parentUUID": "cb9bae07-f6c9-452b-8fe7-a257cc0bdb47",
              "isHook": false,
              "skipped": false
            },
            {
              "title": "Test to verify web view in chrome browser (skipped due to browser)",
              "fullTitle": "Running test in web Browser Test to verify web view in chrome browser (skipped due to browser)",
              "timedOut": null,
              "duration": 0,
              "state": "pending",
              "speed": null,
              "pass": false,
              "fail": false,
              "pending": true,
              "context": null,
              "code": "",
              "err": {},
              "uuid": "f5155035-0840-444f-90fa-12c9be84a8ad",
              "parentUUID": "cb9bae07-f6c9-452b-8fe7-a257cc0bdb47",
              "isHook": false,
              "skipped": false
            },
            {
              "title": "Test to verify web view in edge browser (skipped due to browser)",
              "fullTitle": "Running test in web Browser Test to verify web view in edge browser (skipped due to browser)",
              "timedOut": null,
              "duration": 0,
              "state": "pending",
              "speed": null,
              "pass": false,
              "fail": false,
              "pending": true,
              "context": null,
              "code": "",
              "err": {},
              "uuid": "d13c4f06-70c5-473b-8c02-31aa4f8ba62c",
              "parentUUID": "cb9bae07-f6c9-452b-8fe7-a257cc0bdb47",
              "isHook": false,
              "skipped": false
            }
          ],
          "suites": [],
          "passes": [
            "fc0e962d-2a3a-4376-a60e-6e4f13c28cba"
          ],
          "failures": [],
          "pending": [
            "d9c0714c-18ce-4c50-a79c-1df85854126c",
            "f5155035-0840-444f-90fa-12c9be84a8ad",
            "d13c4f06-70c5-473b-8c02-31aa4f8ba62c"
          ],
          "skipped": [],
          "duration": 6127,
          "root": false,
          "rootEmpty": false,
          "_timeout": 2000
        }
      ],
      "passes": [],
      "failures": [],
      "pending": [],
      "skipped": [],
      "duration": 0,
      "root": true,
      "rootEmpty": true,
      "_timeout": 2000
    }
  ],
  "meta": {
    "mocha": {
      "version": "7.0.1"
    },
    "mochawesome": {
      "options": {
        "quiet": false,
        "reportFilename": "mochawesome",
        "saveHtml": true,
        "saveJson": true,
        "consoleReporter": "spec",
        "useInlineDiffs": false,
        "code": true
      },
      "version": "6.3.1"
    },
    "marge": {
      "options": {
        "id": "default",
        "reportDir": "cypress/reports/mocha",
        "quite": true,
        "overwrite": false,
        "html": true,
        "json": true
      },
      "version": "5.2.0"
    }
  }
}